[   131.449] 
This is a pre-release version of the X server from The X.Org Foundation.
It is not supported in any way.
Bugs may be filed in the bugzilla at http://bugs.freedesktop.org/.
Select the "xorg" product for bugs you find in this release.
Before reporting bugs in pre-release versions please check the
latest version in the X.Org Foundation git repository.
See http://wiki.x.org/wiki/GitPage for git access instructions.
[   131.449] 
X.Org X Server 1.21.1.1
X Protocol Version 11, Revision 0
[   131.449] Current Operating System: Linux arch 5.15.2-arch1-1 #1 SMP PREEMPT Fri, 12 Nov 2021 19:22:10 +0000 x86_64
[   131.449] Kernel command line: BOOT_IMAGE=/boot/vmlinuz-linux root=UUID=ff78bc88-81c3-4cf4-913d-d96dcb9eb059 rw loglevel=3 quiet
[   131.449]  
[   131.450] Current version of pixman: 0.40.0
[   131.450] 	Before reporting problems, check http://wiki.x.org
	to make sure that you have the latest version.
[   131.450] Markers: (--) probed, (**) from config file, (==) default setting,
	(++) from command line, (!!) notice, (II) informational,
	(WW) warning, (EE) error, (NI) not implemented, (??) unknown.
[   131.450] (==) Log file: "/home/ts/.local/share/xorg/Xorg.0.log", Time: Mon Nov 15 17:29:56 2021
[   131.483] (==) Using system config directory "/usr/share/X11/xorg.conf.d"
[   131.591] (==) No Layout section.  Using the first Screen section.
[   131.591] (==) No screen section available. Using defaults.
[   131.591] (**) |-->Screen "Default Screen Section" (0)
[   131.591] (**) |   |-->Monitor "<default monitor>"
[   131.591] (==) No monitor specified for screen "Default Screen Section".
	Using a default monitor configuration.
[   131.591] (==) Automatically adding devices
[   131.591] (==) Automatically enabling devices
[   131.591] (==) Automatically adding GPU devices
[   131.591] (==) Automatically binding GPU devices
[   131.591] (==) Max clients allowed: 256, resource mask: 0x1fffff
[   131.620] (WW) The directory "/usr/share/fonts/misc" does not exist.
[   131.620] 	Entry deleted from font path.
[   131.635] (WW) `fonts.dir' not found (or not valid) in "/usr/share/fonts/TTF".
[   131.635] 	Entry deleted from font path.
[   131.635] 	(Run 'mkfontdir' on "/usr/share/fonts/TTF").
[   131.635] (WW) The directory "/usr/share/fonts/OTF" does not exist.
[   131.635] 	Entry deleted from font path.
[   131.636] (WW) The directory "/usr/share/fonts/Type1" does not exist.
[   131.636] 	Entry deleted from font path.
[   131.636] (WW) The directory "/usr/share/fonts/100dpi" does not exist.
[   131.636] 	Entry deleted from font path.
[   131.636] (WW) The directory "/usr/share/fonts/75dpi" does not exist.
[   131.636] 	Entry deleted from font path.
[   131.636] (==) FontPath set to:
	
[   131.636] (==) ModulePath set to "/usr/lib/xorg/modules"
[   131.636] (II) The server relies on udev to provide the list of input devices.
	If no devices become available, reconfigure udev or disable AutoAddDevices.
[   131.636] (II) Module ABI versions:
[   131.636] 	X.Org ANSI C Emulation: 0.4
[   131.636] 	X.Org Video Driver: 25.2
[   131.636] 	X.Org XInput driver : 24.4
[   131.636] 	X.Org Server Extension : 10.0
[   131.637] (++) using VT number 1

[   131.639] (II) systemd-logind: took control of session /org/freedesktop/login1/session/_31
[   131.641] (II) xfree86: Adding drm device (/dev/dri/card0)
[   131.641] (II) Platform probe for /sys/devices/pci0000:00/0000:00:02.0/drm/card0
[   131.643] (II) systemd-logind: got fd for /dev/dri/card0 226:0 fd 11 paused 0
[   131.646] (--) PCI:*(0@0:2:0) 15ad:0405:15ad:0405 rev 0, Mem @ 0xe0000000/16777216, 0xf0000000/2097152, I/O @ 0x0000d010/16, BIOS @ 0x????????/131072
[   131.646] (WW) Open ACPI failed (/var/run/acpid.socket) (No such file or directory)
[   131.646] (II) LoadModule: "glx"
[   131.649] (II) Loading /usr/lib/xorg/modules/extensions/libglx.so
[   131.730] (II) Module glx: vendor="X.Org Foundation"
[   131.730] 	compiled for 1.21.1.1, module version = 1.0.0
[   131.730] 	ABI class: X.Org Server Extension, version 10.0
[   131.730] (==) Matched vmware as autoconfigured driver 0
[   131.730] (==) Matched modesetting as autoconfigured driver 1
[   131.730] (==) Matched fbdev as autoconfigured driver 2
[   131.730] (==) Matched vesa as autoconfigured driver 3
[   131.730] (==) Assigned the driver to the xf86ConfigLayout
[   131.730] (II) LoadModule: "vmware"
[   131.732] (WW) Warning, couldn't open module vmware
[   131.732] (EE) Failed to load module "vmware" (module does not exist, 0)
[   131.732] (II) LoadModule: "modesetting"
[   131.732] (II) Loading /usr/lib/xorg/modules/drivers/modesetting_drv.so
[   131.760] (II) Module modesetting: vendor="X.Org Foundation"
[   131.760] 	compiled for 1.21.1.1, module version = 1.21.1
[   131.760] 	Module class: X.Org Video Driver
[   131.760] 	ABI class: X.Org Video Driver, version 25.2
[   131.760] (II) LoadModule: "fbdev"
[   131.761] (WW) Warning, couldn't open module fbdev
[   131.761] (EE) Failed to load module "fbdev" (module does not exist, 0)
[   131.761] (II) LoadModule: "vesa"
[   131.761] (WW) Warning, couldn't open module vesa
[   131.761] (EE) Failed to load module "vesa" (module does not exist, 0)
[   131.761] (II) modesetting: Driver for Modesetting Kernel Drivers: kms
[   131.761] (II) modeset(0): using drv /dev/dri/card0
[   131.761] (WW) VGA arbiter: cannot open kernel arbiter, no multi-card support
[   131.761] (II) modeset(0): Creating default Display subsection in Screen section
	"Default Screen Section" for depth/fbbpp 24/32
[   131.761] (==) modeset(0): Depth 24, (==) framebuffer bpp 32
[   131.761] (==) modeset(0): RGB weight 888
[   131.761] (==) modeset(0): Default visual is TrueColor
[   131.761] (II) Loading sub module "glamoregl"
[   131.761] (II) LoadModule: "glamoregl"
[   131.762] (II) Loading /usr/lib/xorg/modules/libglamoregl.so
[   131.786] (II) Module glamoregl: vendor="X.Org Foundation"
[   131.786] 	compiled for 1.21.1.1, module version = 1.0.1
[   131.786] 	ABI class: X.Org ANSI C Emulation, version 0.4
[   133.986] (II) modeset(0): Refusing to try glamor on llvmpipe
[   133.988] (II) modeset(0): glamor initialization failed
[   133.988] (II) modeset(0): ShadowFB: preferred NO, enabled NO
[   133.988] (II) modeset(0): Output Virtual-1 has no monitor section
[   133.988] (II) modeset(0): Output Virtual-2 has no monitor section
[   133.989] (II) modeset(0): Output Virtual-3 has no monitor section
[   133.989] (II) modeset(0): Output Virtual-4 has no monitor section
[   133.989] (II) modeset(0): Output Virtual-5 has no monitor section
[   133.989] (II) modeset(0): Output Virtual-6 has no monitor section
[   133.989] (II) modeset(0): Output Virtual-7 has no monitor section
[   133.989] (II) modeset(0): Output Virtual-8 has no monitor section
[   133.990] (II) modeset(0): EDID for output Virtual-1
[   133.990] (II) modeset(0): Printing probed modes for output Virtual-1
[   133.990] (II) modeset(0): Modeline "800x600"x60.0   42.75  800 850 900 950  600 650 700 750 -hsync +vsync (45.0 kHz eP)
[   133.990] (II) modeset(0): Modeline "2560x1600"x60.0  348.50  2560 2752 3032 3504  1600 1603 1609 1658 -hsync +vsync (99.5 kHz e)
[   133.990] (II) modeset(0): Modeline "2560x1440"x60.0  241.50  2560 2608 2640 2720  1440 1443 1448 1481 +hsync -vsync (88.8 kHz e)
[   133.990] (II) modeset(0): Modeline "1920x1440"x60.0  234.00  1920 2048 2256 2600  1440 1441 1444 1500 -hsync +vsync (90.0 kHz e)
[   133.990] (II) modeset(0): Modeline "1856x1392"x60.0  218.25  1856 1952 2176 2528  1392 1393 1396 1439 -hsync +vsync (86.3 kHz e)
[   133.990] (II) modeset(0): Modeline "1792x1344"x60.0  204.75  1792 1920 2120 2448  1344 1345 1348 1394 -hsync +vsync (83.6 kHz e)
[   133.990] (II) modeset(0): Modeline "1920x1200"x59.9  193.25  1920 2056 2256 2592  1200 1203 1209 1245 -hsync +vsync (74.6 kHz e)
[   133.990] (II) modeset(0): Modeline "1920x1080"x60.0  173.00  1920 2048 2248 2576  1080 1083 1088 1120 -hsync +vsync (67.2 kHz e)
[   133.990] (II) modeset(0): Modeline "1600x1200"x60.0  162.00  1600 1664 1856 2160  1200 1201 1204 1250 +hsync +vsync (75.0 kHz e)
[   133.990] (II) modeset(0): Modeline "1680x1050"x60.0  146.25  1680 1784 1960 2240  1050 1053 1059 1089 -hsync +vsync (65.3 kHz e)
[   133.990] (II) modeset(0): Modeline "1400x1050"x60.0  121.75  1400 1488 1632 1864  1050 1053 1057 1089 -hsync +vsync (65.3 kHz e)
[   133.990] (II) modeset(0): Modeline "1280x1024"x60.0  108.00  1280 1328 1440 1688  1024 1025 1028 1066 +hsync +vsync (64.0 kHz e)
[   133.990] (II) modeset(0): Modeline "1440x900"x59.9  106.50  1440 1520 1672 1904  900 903 909 934 -hsync +vsync (55.9 kHz e)
[   133.990] (II) modeset(0): Modeline "1280x960"x60.0  108.00  1280 1376 1488 1800  960 961 964 1000 +hsync +vsync (60.0 kHz e)
[   133.990] (II) modeset(0): Modeline "1360x768"x60.0   85.50  1360 1424 1536 1792  768 771 777 795 +hsync +vsync (47.7 kHz e)
[   133.990] (II) modeset(0): Modeline "1280x800"x59.8   83.50  1280 1352 1480 1680  800 803 809 831 +hsync -vsync (49.7 kHz e)
[   133.990] (II) modeset(0): Modeline "1152x864"x75.0  108.00  1152 1216 1344 1600  864 865 868 900 +hsync +vsync (67.5 kHz e)
[   133.990] (II) modeset(0): Modeline "1280x768"x59.9   79.50  1280 1344 1472 1664  768 771 778 798 -hsync +vsync (47.8 kHz e)
[   133.990] (II) modeset(0): Modeline "1280x720"x59.9   74.50  1280 1344 1472 1664  720 723 728 748 -hsync +vsync (44.8 kHz e)
[   133.990] (II) modeset(0): Modeline "1024x768"x60.0   65.00  1024 1048 1184 1344  768 771 777 806 -hsync -vsync (48.4 kHz e)
[   133.990] (II) modeset(0): Modeline "800x600"x60.3   40.00  800 840 968 1056  600 601 605 628 +hsync +vsync (37.9 kHz e)
[   133.990] (II) modeset(0): Modeline "640x480"x59.9   25.18  640 656 752 800  480 489 492 525 -hsync -vsync (31.5 kHz e)
[   133.990] (II) modeset(0): EDID for output Virtual-2
[   133.990] (II) modeset(0): EDID for output Virtual-3
[   133.990] (II) modeset(0): EDID for output Virtual-4
[   133.990] (II) modeset(0): EDID for output Virtual-5
[   133.991] (II) modeset(0): EDID for output Virtual-6
[   133.991] (II) modeset(0): EDID for output Virtual-7
[   133.991] (II) modeset(0): EDID for output Virtual-8
[   133.991] (II) modeset(0): Output Virtual-1 connected
[   133.991] (II) modeset(0): Output Virtual-2 disconnected
[   133.991] (II) modeset(0): Output Virtual-3 disconnected
[   133.991] (II) modeset(0): Output Virtual-4 disconnected
[   133.991] (II) modeset(0): Output Virtual-5 disconnected
[   133.991] (II) modeset(0): Output Virtual-6 disconnected
[   133.991] (II) modeset(0): Output Virtual-7 disconnected
[   133.991] (II) modeset(0): Output Virtual-8 disconnected
[   133.991] (II) modeset(0): Using exact sizes for initial modes
[   133.991] (II) modeset(0): Output Virtual-1 using initial mode 800x600 +0+0
[   133.991] (==) modeset(0): Using gamma correction (1.0, 1.0, 1.0)
[   133.991] (==) modeset(0): DPI set to (96, 96)
[   133.991] (II) Loading sub module "fb"
[   133.991] (II) LoadModule: "fb"
[   133.991] (II) Module "fb" already built-in
[   134.005] (==) modeset(0): Backing store enabled
[   134.005] (==) modeset(0): Silken mouse enabled
[   134.007] (II) modeset(0): Initializing kms color map for depth 24, 8 bpc.
[   134.007] (==) modeset(0): DPMS enabled
[   134.007] (II) Initializing extension Generic Event Extension
[   134.007] (II) Initializing extension SHAPE
[   134.008] (II) Initializing extension MIT-SHM
[   134.008] (II) Initializing extension XInputExtension
[   134.016] (II) Initializing extension XTEST
[   134.016] (II) Initializing extension BIG-REQUESTS
[   134.017] (II) Initializing extension SYNC
[   134.017] (II) Initializing extension XKEYBOARD
[   134.017] (II) Initializing extension XC-MISC
[   134.017] (II) Initializing extension SECURITY
[   134.018] (II) Initializing extension XFIXES
[   134.018] (II) Initializing extension RENDER
[   134.018] (II) Initializing extension RANDR
[   134.019] (II) Initializing extension COMPOSITE
[   134.019] (II) Initializing extension DAMAGE
[   134.019] (II) Initializing extension MIT-SCREEN-SAVER
[   134.019] (II) Initializing extension DOUBLE-BUFFER
[   134.019] (II) Initializing extension RECORD
[   134.019] (II) Initializing extension DPMS
[   134.019] (II) Initializing extension Present
[   134.020] (II) Initializing extension DRI3
[   134.020] (II) Initializing extension X-Resource
[   134.020] (II) Initializing extension XVideo
[   134.020] (II) Initializing extension XVideo-MotionCompensation
[   134.020] (II) Initializing extension GLX
[   134.020] (II) AIGLX: Screen 0 is not DRI2 capable
[   134.025] (II) IGLX: Loaded and initialized swrast
[   134.025] (II) GLX: Initialized DRISWRAST GL provider for screen 0
[   134.025] (II) Initializing extension XFree86-VidModeExtension
[   134.025] (II) Initializing extension XFree86-DGA
[   134.025] (II) Initializing extension XFree86-DRI
[   134.025] (II) Initializing extension DRI2
[   134.026] (II) modeset(0): Damage tracking initialized
[   134.026] (II) modeset(0): Setting screen physical size to 211 x 158
[   134.243] (II) config/udev: Adding input device Power Button (/dev/input/event0)
[   134.244] (**) Power Button: Applying InputClass "libinput keyboard catchall"
[   134.244] (II) LoadModule: "libinput"
[   134.244] (II) Loading /usr/lib/xorg/modules/input/libinput_drv.so
[   134.302] (II) Module libinput: vendor="X.Org Foundation"
[   134.302] 	compiled for 1.21.1, module version = 1.2.0
[   134.302] 	Module class: X.Org XInput Driver
[   134.302] 	ABI class: X.Org XInput driver, version 24.4
[   134.302] (II) Using input driver 'libinput' for 'Power Button'
[   134.304] (II) systemd-logind: got fd for /dev/input/event0 13:64 fd 19 paused 0
[   134.304] (**) Power Button: always reports core events
[   134.304] (**) Option "Device" "/dev/input/event0"
[   134.305] (**) Option "_source" "server/udev"
[   134.347] (II) event0  - Power Button: is tagged by udev as: Keyboard
[   134.347] (II) event0  - Power Button: device is a keyboard
[   134.348] (II) event0  - Power Button: device removed
[   134.348] (**) Option "config_info" "udev:/sys/devices/LNXSYSTM:00/LNXPWRBN:00/input/input0/event0"
[   134.348] (II) XINPUT: Adding extended input device "Power Button" (type: KEYBOARD, id 6)
[   134.349] (II) event0  - Power Button: is tagged by udev as: Keyboard
[   134.349] (II) event0  - Power Button: device is a keyboard
[   134.350] (II) config/udev: Adding input device Sleep Button (/dev/input/event1)
[   134.350] (**) Sleep Button: Applying InputClass "libinput keyboard catchall"
[   134.350] (II) Using input driver 'libinput' for 'Sleep Button'
[   134.351] (II) systemd-logind: got fd for /dev/input/event1 13:65 fd 22 paused 0
[   134.351] (**) Sleep Button: always reports core events
[   134.351] (**) Option "Device" "/dev/input/event1"
[   134.351] (**) Option "_source" "server/udev"
[   134.352] (II) event1  - Sleep Button: is tagged by udev as: Keyboard
[   134.352] (II) event1  - Sleep Button: device is a keyboard
[   134.352] (II) event1  - Sleep Button: device removed
[   134.352] (**) Option "config_info" "udev:/sys/devices/LNXSYSTM:00/LNXSLPBN:00/input/input1/event1"
[   134.352] (II) XINPUT: Adding extended input device "Sleep Button" (type: KEYBOARD, id 7)
[   134.354] (II) event1  - Sleep Button: is tagged by udev as: Keyboard
[   134.354] (II) event1  - Sleep Button: device is a keyboard
[   134.354] (II) config/udev: Adding input device Video Bus (/dev/input/event4)
[   134.354] (**) Video Bus: Applying InputClass "libinput keyboard catchall"
[   134.354] (II) Using input driver 'libinput' for 'Video Bus'
[   134.356] (II) systemd-logind: got fd for /dev/input/event4 13:68 fd 23 paused 0
[   134.356] (**) Video Bus: always reports core events
[   134.356] (**) Option "Device" "/dev/input/event4"
[   134.356] (**) Option "_source" "server/udev"
[   134.357] (II) event4  - Video Bus: is tagged by udev as: Keyboard
[   134.357] (II) event4  - Video Bus: device is a keyboard
[   134.357] (II) event4  - Video Bus: device removed
[   134.357] (**) Option "config_info" "udev:/sys/devices/LNXSYSTM:00/LNXSYBUS:00/PNP0A03:00/LNXVIDEO:00/input/input5/event4"
[   134.357] (II) XINPUT: Adding extended input device "Video Bus" (type: KEYBOARD, id 8)
[   134.359] (II) event4  - Video Bus: is tagged by udev as: Keyboard
[   134.359] (II) event4  - Video Bus: device is a keyboard
[   134.360] (II) config/udev: Adding input device VirtualBox mouse integration (/dev/input/event7)
[   134.360] (**) VirtualBox mouse integration: Applying InputClass "libinput pointer catchall"
[   134.360] (II) Using input driver 'libinput' for 'VirtualBox mouse integration'
[   134.361] (II) systemd-logind: got fd for /dev/input/event7 13:71 fd 24 paused 0
[   134.362] (**) VirtualBox mouse integration: always reports core events
[   134.362] (**) Option "Device" "/dev/input/event7"
[   134.362] (**) Option "_source" "server/udev"
[   134.362] (II) event7  - VirtualBox mouse integration: is tagged by udev as: Mouse
[   134.363] (II) event7  - VirtualBox mouse integration: device is a pointer
[   134.363] (II) event7  - VirtualBox mouse integration: device removed
[   134.363] (**) Option "config_info" "udev:/sys/devices/pci0000:00/0000:00:04.0/input/input8/event7"
[   134.363] (II) XINPUT: Adding extended input device "VirtualBox mouse integration" (type: MOUSE, id 9)
[   134.363] (**) Option "AccelerationScheme" "none"
[   134.363] (**) VirtualBox mouse integration: (accel) selected scheme none/0
[   134.363] (**) VirtualBox mouse integration: (accel) acceleration factor: 2.000
[   134.363] (**) VirtualBox mouse integration: (accel) acceleration threshold: 4
[   134.364] (II) event7  - VirtualBox mouse integration: is tagged by udev as: Mouse
[   134.364] (II) event7  - VirtualBox mouse integration: device is a pointer
[   134.364] (II) config/udev: Adding input device VirtualBox mouse integration (/dev/input/js1)
[   134.364] (II) No input driver specified, ignoring this device.
[   134.364] (II) This device may have been added with another device file.
[   134.365] (II) config/udev: Adding input device VirtualBox mouse integration (/dev/input/mouse2)
[   134.365] (II) No input driver specified, ignoring this device.
[   134.365] (II) This device may have been added with another device file.
[   134.366] (II) config/udev: Adding input device VirtualBox USB Tablet (/dev/input/event2)
[   134.366] (**) VirtualBox USB Tablet: Applying InputClass "libinput pointer catchall"
[   134.366] (II) Using input driver 'libinput' for 'VirtualBox USB Tablet'
[   134.422] (II) systemd-logind: got fd for /dev/input/event2 13:66 fd 25 paused 0
[   134.423] (**) VirtualBox USB Tablet: always reports core events
[   134.423] (**) Option "Device" "/dev/input/event2"
[   134.423] (**) Option "_source" "server/udev"
[   134.425] (II) event2  - VirtualBox USB Tablet: is tagged by udev as: Mouse
[   134.426] (II) event2  - VirtualBox USB Tablet: device is a pointer
[   134.426] (II) event2  - VirtualBox USB Tablet: device removed
[   134.426] (**) Option "config_info" "udev:/sys/devices/pci0000:00/0000:00:06.0/usb1/1-1/1-1:1.0/0003:80EE:0021.0001/input/input2/event2"
[   134.426] (II) XINPUT: Adding extended input device "VirtualBox USB Tablet" (type: MOUSE, id 10)
[   134.427] (**) Option "AccelerationScheme" "none"
[   134.427] (**) VirtualBox USB Tablet: (accel) selected scheme none/0
[   134.427] (**) VirtualBox USB Tablet: (accel) acceleration factor: 2.000
[   134.427] (**) VirtualBox USB Tablet: (accel) acceleration threshold: 4
[   134.429] (II) event2  - VirtualBox USB Tablet: is tagged by udev as: Mouse
[   134.430] (II) event2  - VirtualBox USB Tablet: device is a pointer
[   134.431] (II) config/udev: Adding input device VirtualBox USB Tablet (/dev/input/js0)
[   134.431] (II) No input driver specified, ignoring this device.
[   134.431] (II) This device may have been added with another device file.
[   134.432] (II) config/udev: Adding input device VirtualBox USB Tablet (/dev/input/mouse0)
[   134.432] (II) No input driver specified, ignoring this device.
[   134.432] (II) This device may have been added with another device file.
[   134.432] (II) config/udev: Adding input device AT Translated Set 2 keyboard (/dev/input/event3)
[   134.432] (**) AT Translated Set 2 keyboard: Applying InputClass "libinput keyboard catchall"
[   134.432] (II) Using input driver 'libinput' for 'AT Translated Set 2 keyboard'
[   134.433] (II) systemd-logind: got fd for /dev/input/event3 13:67 fd 26 paused 0
[   134.434] (**) AT Translated Set 2 keyboard: always reports core events
[   134.434] (**) Option "Device" "/dev/input/event3"
[   134.434] (**) Option "_source" "server/udev"
[   134.435] (II) event3  - AT Translated Set 2 keyboard: is tagged by udev as: Keyboard
[   134.435] (II) event3  - AT Translated Set 2 keyboard: device is a keyboard
[   134.435] (II) event3  - AT Translated Set 2 keyboard: device removed
[   134.435] (**) Option "config_info" "udev:/sys/devices/platform/i8042/serio0/input/input3/event3"
[   134.435] (II) XINPUT: Adding extended input device "AT Translated Set 2 keyboard" (type: KEYBOARD, id 11)
[   134.437] (II) event3  - AT Translated Set 2 keyboard: is tagged by udev as: Keyboard
[   134.437] (II) event3  - AT Translated Set 2 keyboard: device is a keyboard
[   134.438] (II) config/udev: Adding input device ImExPS/2 Generic Explorer Mouse (/dev/input/event6)
[   134.438] (**) ImExPS/2 Generic Explorer Mouse: Applying InputClass "libinput pointer catchall"
[   134.438] (II) Using input driver 'libinput' for 'ImExPS/2 Generic Explorer Mouse'
[   134.439] (II) systemd-logind: got fd for /dev/input/event6 13:70 fd 27 paused 0
[   134.439] (**) ImExPS/2 Generic Explorer Mouse: always reports core events
[   134.439] (**) Option "Device" "/dev/input/event6"
[   134.439] (**) Option "_source" "server/udev"
[   134.440] (II) event6  - ImExPS/2 Generic Explorer Mouse: is tagged by udev as: Mouse
[   134.440] (II) event6  - ImExPS/2 Generic Explorer Mouse: device is a pointer
[   134.441] (II) event6  - ImExPS/2 Generic Explorer Mouse: device removed
[   134.441] (**) Option "config_info" "udev:/sys/devices/platform/i8042/serio1/input/input7/event6"
[   134.441] (II) XINPUT: Adding extended input device "ImExPS/2 Generic Explorer Mouse" (type: MOUSE, id 12)
[   134.441] (**) Option "AccelerationScheme" "none"
[   134.441] (**) ImExPS/2 Generic Explorer Mouse: (accel) selected scheme none/0
[   134.441] (**) ImExPS/2 Generic Explorer Mouse: (accel) acceleration factor: 2.000
[   134.441] (**) ImExPS/2 Generic Explorer Mouse: (accel) acceleration threshold: 4
[   134.442] (II) event6  - ImExPS/2 Generic Explorer Mouse: is tagged by udev as: Mouse
[   134.442] (II) event6  - ImExPS/2 Generic Explorer Mouse: device is a pointer
[   134.443] (II) config/udev: Adding input device ImExPS/2 Generic Explorer Mouse (/dev/input/mouse1)
[   134.443] (II) No input driver specified, ignoring this device.
[   134.443] (II) This device may have been added with another device file.
[   134.443] (II) config/udev: Adding input device PC Speaker (/dev/input/event5)
[   134.443] (II) No input driver specified, ignoring this device.
[   134.443] (II) This device may have been added with another device file.
[  8530.035] (II) modeset(0): Allocate new frame buffer 1360x768 stride
[  8977.785] (EE) event7  - VirtualBox mouse integration: client bug: event processing lagging behind by 12ms, your system is too slow
[  8978.577] (EE) event7  - VirtualBox mouse integration: client bug: event processing lagging behind by 11ms, your system is too slow
